<?xml version="1.0" encoding="UTF-8"?>
<!-- Generated by org.testng.reporters.JUnitReportReporter -->
<testsuite hostname="DESKTOP-JLCS378" failures="0" tests="6" name="by.htp.tstng.tstng_study.AppTest" time="19.989" errors="0" timestamp="14 дек. 2017 16:50:21 GMT" skipped="5">
  <testcase classname="by.htp.tstng.tstng_study.AppTest" name="test6" time="19.989"/>
  <testcase classname="by.htp.tstng.tstng_study.AppTest" name="test4">
    <skipped/>
  </testcase> <!-- test4 -->
  <testcase classname="by.htp.tstng.tstng_study.AppTest" name="test2">
    <skipped/>
  </testcase> <!-- test2 -->
  <testcase classname="by.htp.tstng.tstng_study.AppTest" name="test5">
    <skipped/>
  </testcase> <!-- test5 -->
  <testcase classname="by.htp.tstng.tstng_study.AppTest" name="test5Negative">
    <skipped/>
  </testcase> <!-- test5Negative -->
  <testcase classname="by.htp.tstng.tstng_study.AppTest" name="test1">
    <skipped/>
  </testcase> <!-- test1 -->
</testsuite> <!-- by.htp.tstng.tstng_study.AppTest -->
